2025-12-02 02:21:39.048 [background-preinit] INFO  o.h.validator.internal.util.Version - HV000001: Hibernate Validator 8.0.3.Final
2025-12-02 02:21:39.083 [main] INFO  com.bank.credit.CreditApplication - Starting CreditApplication using Java 17.0.6 with PID 13056 (C:\Users\Jeanso\Documents\NTT-PROYECTOS\Proyecto_final\credit\target\classes started by Jeanso in C:\Users\Jeanso\Documents\NTT-PROYECTOS\Proyecto_final\credit)
2025-12-02 02:21:39.083 [main] DEBUG com.bank.credit.CreditApplication - Running with Spring Boot v3.4.12, Spring v6.2.14
2025-12-02 02:21:39.084 [main] INFO  com.bank.credit.CreditApplication - No active profile set, falling back to 1 default profile: "default"
2025-12-02 02:21:39.537 [main] INFO  o.s.d.r.c.RepositoryConfigurationDelegate - Bootstrapping Spring Data Reactive MongoDB repositories in DEFAULT mode.
2025-12-02 02:21:39.634 [main] INFO  o.s.d.r.c.RepositoryConfigurationDelegate - Finished Spring Data repository scanning in 92 ms. Found 1 Reactive MongoDB repository interface.
2025-12-02 02:21:39.692 [main] INFO  o.s.cloud.context.scope.GenericScope - BeanFactory id=e76c93b5-5684-325a-87fe-c4f7588c5ae0
2025-12-02 02:21:40.115 [main] INFO  org.mongodb.driver.client - MongoClient with metadata {"driver": {"name": "mongo-java-driver|reactive-streams|spring-boot", "version": "5.2.1"}, "os": {"type": "Windows", "name": "Windows 10", "architecture": "amd64", "version": "10.0"}, "platform": "Java/Oracle Corporation/17.0.6+9-LTS-190"} created with settings MongoClientSettings{readPreference=primary, writeConcern=WriteConcern{w=null, wTimeout=null ms, journal=null}, retryWrites=true, retryReads=true, readConcern=ReadConcern{level=null}, credential=null, transportSettings=NettyTransportSettings{eventLoopGroup=io.netty.channel.nio.NioEventLoopGroup@6aa5974e, socketChannelClass=null, allocator=null, sslContext=null}, commandListeners=[], codecRegistry=ProvidersCodecRegistry{codecProviders=[ValueCodecProvider{}, BsonValueCodecProvider{}, DBRefCodecProvider{}, DBObjectCodecProvider{}, DocumentCodecProvider{}, CollectionCodecProvider{}, IterableCodecProvider{}, MapCodecProvider{}, GeoJsonCodecProvider{}, GridFSFileCodecProvider{}, Jsr310CodecProvider{}, JsonObjectCodecProvider{}, BsonCodecProvider{}, EnumCodecProvider{}, com.mongodb.client.model.mql.ExpressionCodecProvider@5e5ddfbc, com.mongodb.Jep395RecordCodecProvider@5bda157e, com.mongodb.KotlinCodecProvider@67e0fd6d]}, loggerSettings=LoggerSettings{maxDocumentLength=1000}, clusterSettings={hosts=[localhost:27017], srvServiceName=mongodb, mode=SINGLE, requiredClusterType=UNKNOWN, requiredReplicaSetName='null', serverSelector='null', clusterListeners='[]', serverSelectionTimeout='30000 ms', localThreshold='15 ms'}, socketSettings=SocketSettings{connectTimeoutMS=10000, readTimeoutMS=0, receiveBufferSize=0, proxySettings=ProxySettings{host=null, port=null, username=null, password=null}}, heartbeatSocketSettings=SocketSettings{connectTimeoutMS=10000, readTimeoutMS=10000, receiveBufferSize=0, proxySettings=ProxySettings{host=null, port=null, username=null, password=null}}, connectionPoolSettings=ConnectionPoolSettings{maxSize=100, minSize=0, maxWaitTimeMS=120000, maxConnectionLifeTimeMS=0, maxConnectionIdleTimeMS=0, maintenanceInitialDelayMS=0, maintenanceFrequencyMS=60000, connectionPoolListeners=[], maxConnecting=2}, serverSettings=ServerSettings{heartbeatFrequencyMS=10000, minHeartbeatFrequencyMS=500, serverMonitoringMode=AUTO, serverListeners='[]', serverMonitorListeners='[]'}, sslSettings=SslSettings{enabled=false, invalidHostNameAllowed=false, context=null}, applicationName='null', compressorList=[], uuidRepresentation=JAVA_LEGACY, serverApi=null, autoEncryptionSettings=null, dnsClient=null, inetAddressResolver=null, contextProvider=null, timeoutMS=null}
2025-12-02 02:21:40.191 [cluster-ClusterId{value='692e9384b9eb3107f0b0e515', description='null'}-localhost:27017] INFO  org.mongodb.driver.cluster - Monitor thread successfully connected to server with description ServerDescription{address=localhost:27017, type=STANDALONE, cryptd=false, state=CONNECTED, ok=true, minWireVersion=0, maxWireVersion=27, maxDocumentSize=16777216, logicalSessionTimeoutMinutes=30, roundTripTimeNanos=31672500, minRoundTripTimeNanos=0}
2025-12-02 02:21:40.783 [main] INFO  o.s.b.w.e.netty.NettyWebServer - Netty started on port 8083 (http)
2025-12-02 02:21:40.936 [main] INFO  com.bank.credit.CreditApplication - Started CreditApplication in 2.413 seconds (process running for 2.903)
2025-12-02 02:21:49.896 [SpringApplicationShutdownHook] INFO  o.s.b.w.e.netty.GracefulShutdown - Commencing graceful shutdown. Waiting for active requests to complete
2025-12-02 02:21:49.898 [netty-shutdown] INFO  o.s.b.w.e.netty.GracefulShutdown - Graceful shutdown complete
2025-12-02 02:22:04.156 [background-preinit] INFO  o.h.validator.internal.util.Version - HV000001: Hibernate Validator 8.0.3.Final
2025-12-02 02:22:04.201 [main] INFO  com.bank.credit.CreditApplication - Starting CreditApplication using Java 17.0.6 with PID 6036 (C:\Users\Jeanso\Documents\NTT-PROYECTOS\Proyecto_final\credit\target\classes started by Jeanso in C:\Users\Jeanso\Documents\NTT-PROYECTOS\Proyecto_final\credit)
2025-12-02 02:22:04.203 [main] DEBUG com.bank.credit.CreditApplication - Running with Spring Boot v3.4.12, Spring v6.2.14
2025-12-02 02:22:04.204 [main] INFO  com.bank.credit.CreditApplication - No active profile set, falling back to 1 default profile: "default"
2025-12-02 02:22:04.634 [main] INFO  o.s.d.r.c.RepositoryConfigurationDelegate - Bootstrapping Spring Data Reactive MongoDB repositories in DEFAULT mode.
2025-12-02 02:22:04.728 [main] INFO  o.s.d.r.c.RepositoryConfigurationDelegate - Finished Spring Data repository scanning in 90 ms. Found 1 Reactive MongoDB repository interface.
2025-12-02 02:22:04.791 [main] INFO  o.s.cloud.context.scope.GenericScope - BeanFactory id=e76c93b5-5684-325a-87fe-c4f7588c5ae0
2025-12-02 02:22:05.192 [main] INFO  org.mongodb.driver.client - MongoClient with metadata {"driver": {"name": "mongo-java-driver|reactive-streams|spring-boot", "version": "5.2.1"}, "os": {"type": "Windows", "name": "Windows 10", "architecture": "amd64", "version": "10.0"}, "platform": "Java/Oracle Corporation/17.0.6+9-LTS-190"} created with settings MongoClientSettings{readPreference=primary, writeConcern=WriteConcern{w=null, wTimeout=null ms, journal=null}, retryWrites=true, retryReads=true, readConcern=ReadConcern{level=null}, credential=null, transportSettings=NettyTransportSettings{eventLoopGroup=io.netty.channel.nio.NioEventLoopGroup@1cd6b1bd, socketChannelClass=null, allocator=null, sslContext=null}, commandListeners=[], codecRegistry=ProvidersCodecRegistry{codecProviders=[ValueCodecProvider{}, BsonValueCodecProvider{}, DBRefCodecProvider{}, DBObjectCodecProvider{}, DocumentCodecProvider{}, CollectionCodecProvider{}, IterableCodecProvider{}, MapCodecProvider{}, GeoJsonCodecProvider{}, GridFSFileCodecProvider{}, Jsr310CodecProvider{}, JsonObjectCodecProvider{}, BsonCodecProvider{}, EnumCodecProvider{}, com.mongodb.client.model.mql.ExpressionCodecProvider@443cdaa4, com.mongodb.Jep395RecordCodecProvider@3b41e1bf, com.mongodb.KotlinCodecProvider@619c93ca]}, loggerSettings=LoggerSettings{maxDocumentLength=1000}, clusterSettings={hosts=[localhost:27017], srvServiceName=mongodb, mode=SINGLE, requiredClusterType=UNKNOWN, requiredReplicaSetName='null', serverSelector='null', clusterListeners='[]', serverSelectionTimeout='30000 ms', localThreshold='15 ms'}, socketSettings=SocketSettings{connectTimeoutMS=10000, readTimeoutMS=0, receiveBufferSize=0, proxySettings=ProxySettings{host=null, port=null, username=null, password=null}}, heartbeatSocketSettings=SocketSettings{connectTimeoutMS=10000, readTimeoutMS=10000, receiveBufferSize=0, proxySettings=ProxySettings{host=null, port=null, username=null, password=null}}, connectionPoolSettings=ConnectionPoolSettings{maxSize=100, minSize=0, maxWaitTimeMS=120000, maxConnectionLifeTimeMS=0, maxConnectionIdleTimeMS=0, maintenanceInitialDelayMS=0, maintenanceFrequencyMS=60000, connectionPoolListeners=[], maxConnecting=2}, serverSettings=ServerSettings{heartbeatFrequencyMS=10000, minHeartbeatFrequencyMS=500, serverMonitoringMode=AUTO, serverListeners='[]', serverMonitorListeners='[]'}, sslSettings=SslSettings{enabled=false, invalidHostNameAllowed=false, context=null}, applicationName='null', compressorList=[], uuidRepresentation=JAVA_LEGACY, serverApi=null, autoEncryptionSettings=null, dnsClient=null, inetAddressResolver=null, contextProvider=null, timeoutMS=null}
2025-12-02 02:22:05.265 [cluster-ClusterId{value='692e939d8b14ad379e56ab88', description='null'}-localhost:27017] INFO  org.mongodb.driver.cluster - Monitor thread successfully connected to server with description ServerDescription{address=localhost:27017, type=STANDALONE, cryptd=false, state=CONNECTED, ok=true, minWireVersion=0, maxWireVersion=27, maxDocumentSize=16777216, logicalSessionTimeoutMinutes=30, roundTripTimeNanos=32007900, minRoundTripTimeNanos=0}
2025-12-02 02:22:05.832 [main] INFO  o.s.b.w.e.netty.NettyWebServer - Netty started on port 8083 (http)
2025-12-02 02:22:05.974 [main] INFO  com.bank.credit.CreditApplication - Started CreditApplication in 2.284 seconds (process running for 2.68)
2025-12-02 02:26:09.078 [reactor-http-nio-3] INFO  c.b.c.controller.CreditController - POST /api/credits - Creating credit for customer: {{customerId}}
2025-12-02 02:26:09.078 [reactor-http-nio-3] DEBUG c.bank.credit.service.CreditService - Creating credit for customer: {{customerId}}
2025-12-02 02:26:09.078 [reactor-http-nio-3] DEBUG c.bank.credit.client.CustomerClient - Calling Customer Service to get customer with id: {{customerId}}
2025-12-02 02:26:09.351 [reactor-http-nio-3] ERROR c.bank.credit.client.CustomerClient - Error calling Customer Service: 404 NOT_FOUND - 404 Not Found from GET http://localhost:8081/api/customers/%7B%7BcustomerId%7D%7D
2025-12-02 02:26:09.351 [reactor-http-nio-3] WARN  c.bank.credit.client.CustomerClient - Customer not found with id: {{customerId}}
2025-12-02 02:26:09.353 [reactor-http-nio-3] ERROR c.b.c.e.GlobalExceptionHandler - Customer not found: Customer not found with id: {{customerId}}
2025-12-02 02:26:27.176 [reactor-http-nio-3] INFO  c.b.c.controller.CreditController - POST /api/credits - Creating credit for customer: 692e5e3f76612561df8ef485
2025-12-02 02:26:27.176 [reactor-http-nio-3] DEBUG c.bank.credit.service.CreditService - Creating credit for customer: 692e5e3f76612561df8ef485
2025-12-02 02:26:27.176 [reactor-http-nio-3] DEBUG c.bank.credit.client.CustomerClient - Calling Customer Service to get customer with id: 692e5e3f76612561df8ef485
2025-12-02 02:26:27.221 [reactor-http-nio-3] DEBUG c.bank.credit.client.CustomerClient - Customer found: 692e5e3f76612561df8ef485
2025-12-02 02:26:27.221 [reactor-http-nio-3] DEBUG c.bank.credit.service.CreditService - Validating business rules for customer type: PERSONAL and credit type: PERSONAL_LOAN
2025-12-02 02:26:27.231 [reactor-http-nio-3] DEBUG o.s.d.m.r.query.MongoQueryCreator - Created query Query: { "customerId" : "692e5e3f76612561df8ef485", "creditType" : { "$java" : PERSONAL_LOAN } }, Fields: {}, Sort: {}
2025-12-02 02:26:27.243 [reactor-http-nio-3] DEBUG o.s.d.m.core.ReactiveMongoTemplate - Executing count: { "customerId" : "692e5e3f76612561df8ef485", "creditType" : "PERSONAL_LOAN"} in collection: credits
2025-12-02 02:26:27.243 [reactor-http-nio-3] DEBUG o.s.d.m.core.ReactiveMongoTemplate - Executing count: { "customerId" : "692e5e3f76612561df8ef485", "creditType" : "PERSONAL_LOAN"} in collection: credits
2025-12-02 02:26:27.308 [nioEventLoopGroup-3-3] DEBUG o.s.d.m.core.ReactiveMongoTemplate - Inserting Document containing fields: [creditNumber, creditType, customerId, creditAmount, balance, creditLimit, interestRate, minimumPayment, paymentDueDay, active, createdAt, _class] in collection: credits
2025-12-02 02:26:27.353 [nioEventLoopGroup-3-3] INFO  c.bank.credit.service.CreditService - Credit created successfully: CRD-58B7C74084
2025-12-02 02:27:06.766 [reactor-http-nio-3] INFO  c.b.c.controller.CreditController - POST /api/credits - Creating credit for customer: 692e5e5076612561df8ef486
2025-12-02 02:27:06.766 [reactor-http-nio-3] DEBUG c.bank.credit.service.CreditService - Creating credit for customer: 692e5e5076612561df8ef486
2025-12-02 02:27:06.766 [reactor-http-nio-3] DEBUG c.bank.credit.client.CustomerClient - Calling Customer Service to get customer with id: 692e5e5076612561df8ef486
2025-12-02 02:27:06.773 [reactor-http-nio-3] DEBUG c.bank.credit.client.CustomerClient - Customer found: 692e5e5076612561df8ef486
2025-12-02 02:27:06.773 [reactor-http-nio-3] DEBUG c.bank.credit.service.CreditService - Validating business rules for customer type: BUSINESS and credit type: BUSINESS_LOAN
2025-12-02 02:27:06.774 [reactor-http-nio-3] DEBUG o.s.d.m.core.ReactiveMongoTemplate - Inserting Document containing fields: [creditNumber, creditType, customerId, creditAmount, balance, creditLimit, interestRate, minimumPayment, paymentDueDay, active, createdAt, _class] in collection: credits
2025-12-02 02:27:06.775 [nioEventLoopGroup-3-3] INFO  c.bank.credit.service.CreditService - Credit created successfully: CRD-F9EFAB79D3
2025-12-02 02:27:46.231 [reactor-http-nio-3] INFO  c.b.c.controller.CreditController - POST /api/credits - Creating credit for customer: 692e5e3f76612561df8ef485
2025-12-02 02:27:46.232 [reactor-http-nio-3] DEBUG c.bank.credit.service.CreditService - Creating credit for customer: 692e5e3f76612561df8ef485
2025-12-02 02:27:46.232 [reactor-http-nio-3] DEBUG c.bank.credit.client.CustomerClient - Calling Customer Service to get customer with id: 692e5e3f76612561df8ef485
2025-12-02 02:27:46.238 [reactor-http-nio-3] DEBUG c.bank.credit.client.CustomerClient - Customer found: 692e5e3f76612561df8ef485
2025-12-02 02:27:46.238 [reactor-http-nio-3] DEBUG c.bank.credit.service.CreditService - Validating business rules for customer type: PERSONAL and credit type: CREDIT_CARD
2025-12-02 02:27:46.238 [reactor-http-nio-3] DEBUG o.s.d.m.core.ReactiveMongoTemplate - Inserting Document containing fields: [creditNumber, creditType, customerId, creditAmount, balance, creditLimit, interestRate, minimumPayment, paymentDueDay, active, createdAt, _class] in collection: credits
2025-12-02 02:27:46.240 [nioEventLoopGroup-3-3] INFO  c.bank.credit.service.CreditService - Credit created successfully: CRD-66E30BC364
2025-12-02 02:27:56.815 [reactor-http-nio-3] INFO  c.b.c.controller.CreditController - POST /api/credits - Creating credit for customer: 692e5e5076612561df8ef486
2025-12-02 02:27:56.815 [reactor-http-nio-3] DEBUG c.bank.credit.service.CreditService - Creating credit for customer: 692e5e5076612561df8ef486
2025-12-02 02:27:56.815 [reactor-http-nio-3] DEBUG c.bank.credit.client.CustomerClient - Calling Customer Service to get customer with id: 692e5e5076612561df8ef486
2025-12-02 02:27:56.821 [reactor-http-nio-3] DEBUG c.bank.credit.client.CustomerClient - Customer found: 692e5e5076612561df8ef486
2025-12-02 02:27:56.821 [reactor-http-nio-3] DEBUG c.bank.credit.service.CreditService - Validating business rules for customer type: BUSINESS and credit type: CREDIT_CARD
2025-12-02 02:27:56.822 [reactor-http-nio-3] DEBUG o.s.d.m.core.ReactiveMongoTemplate - Inserting Document containing fields: [creditNumber, creditType, customerId, creditAmount, balance, creditLimit, interestRate, minimumPayment, paymentDueDay, active, createdAt, _class] in collection: credits
2025-12-02 02:27:56.824 [nioEventLoopGroup-3-3] INFO  c.bank.credit.service.CreditService - Credit created successfully: CRD-F0F149540E
2025-12-02 02:28:02.641 [reactor-http-nio-3] INFO  c.b.c.controller.CreditController - GET /api/credits - Fetching all credits
2025-12-02 02:28:02.641 [reactor-http-nio-3] DEBUG c.bank.credit.service.CreditService - Finding all credits
2025-12-02 02:28:02.644 [reactor-http-nio-3] DEBUG o.s.d.m.core.ReactiveMongoTemplate - find using query: {} fields: Document{{}} for class: class com.bank.credit.model.entity.Credit in collection: credits
2025-12-02 02:28:02.672 [reactor-http-nio-3] DEBUG c.bank.credit.service.CreditService - Retrieved all credits
2025-12-02 02:28:10.240 [reactor-http-nio-3] INFO  c.b.c.controller.CreditController - GET /api/credits/692e94ca8b14ad379e56ab8a - Fetching credit by id
2025-12-02 02:28:10.240 [reactor-http-nio-3] DEBUG c.bank.credit.service.CreditService - Finding credit by id: 692e94ca8b14ad379e56ab8a
2025-12-02 02:28:10.242 [reactor-http-nio-3] DEBUG o.s.d.m.core.ReactiveMongoTemplate - findOne using query: { "id" : "692e94ca8b14ad379e56ab8a"} fields: Document{{}} for class: class com.bank.credit.model.entity.Credit in collection: credits
2025-12-02 02:28:10.245 [nioEventLoopGroup-3-3] DEBUG c.bank.credit.service.CreditService - Credit found with id: 692e94ca8b14ad379e56ab8a
2025-12-02 02:28:24.059 [reactor-http-nio-3] INFO  c.b.c.controller.CreditController - GET /api/credits/number/CRD-58B7C74084 - Fetching credit by number
2025-12-02 02:28:24.059 [reactor-http-nio-3] DEBUG c.bank.credit.service.CreditService - Finding credit by credit number: CRD-58B7C74084
2025-12-02 02:28:24.060 [reactor-http-nio-3] DEBUG o.s.d.m.r.query.MongoQueryCreator - Created query Query: { "creditNumber" : "CRD-58B7C74084"}, Fields: {}, Sort: {}
2025-12-02 02:28:24.061 [reactor-http-nio-3] DEBUG o.s.d.m.core.ReactiveMongoTemplate - find using query: { "creditNumber" : "CRD-58B7C74084"} fields: Document{{}} for class: class com.bank.credit.model.entity.Credit in collection: credits
2025-12-02 02:28:24.065 [nioEventLoopGroup-3-3] DEBUG c.bank.credit.service.CreditService - Credit found with number: CRD-58B7C74084
2025-12-02 02:28:30.109 [reactor-http-nio-3] INFO  c.b.c.controller.CreditController - GET /api/credits/customer/692e5e3f76612561df8ef485 - Fetching credits for customer
2025-12-02 02:28:30.109 [reactor-http-nio-3] DEBUG c.bank.credit.service.CreditService - Finding credits for customer: 692e5e3f76612561df8ef485
2025-12-02 02:28:30.110 [reactor-http-nio-3] DEBUG o.s.d.m.r.query.MongoQueryCreator - Created query Query: { "customerId" : "692e5e3f76612561df8ef485"}, Fields: {}, Sort: {}
2025-12-02 02:28:30.111 [reactor-http-nio-3] DEBUG o.s.d.m.core.ReactiveMongoTemplate - find using query: { "customerId" : "692e5e3f76612561df8ef485"} fields: Document{{}} for class: class com.bank.credit.model.entity.Credit in collection: credits
2025-12-02 02:28:30.113 [reactor-http-nio-3] DEBUG c.bank.credit.service.CreditService - Retrieved credits for customer: 692e5e3f76612561df8ef485
2025-12-02 02:29:25.375 [reactor-http-nio-3] INFO  c.b.c.controller.CreditController - POST /api/credits/692e94f28b14ad379e56ab8b/charge - Making charge of 500.00
2025-12-02 02:29:25.376 [reactor-http-nio-3] DEBUG c.bank.credit.service.CreditService - Making charge of 500.00 to credit: 692e94f28b14ad379e56ab8b
2025-12-02 02:29:25.376 [reactor-http-nio-3] DEBUG o.s.d.m.core.ReactiveMongoTemplate - findOne using query: { "id" : "692e94f28b14ad379e56ab8b"} fields: Document{{}} for class: class com.bank.credit.model.entity.Credit in collection: credits
2025-12-02 02:29:25.379 [nioEventLoopGroup-3-3] DEBUG o.s.d.m.core.ReactiveMongoTemplate - Saving Document containing fields: [_id, creditNumber, creditType, customerId, creditAmount, balance, creditLimit, interestRate, minimumPayment, paymentDueDay, active, createdAt, updatedAt, _class]
2025-12-02 02:29:25.383 [nioEventLoopGroup-3-3] INFO  c.bank.credit.service.CreditService - Charge successful. New balance: 500.00
2025-12-02 02:29:34.660 [reactor-http-nio-3] INFO  c.b.c.controller.CreditController - GET /api/credits/692e94f28b14ad379e56ab8b - Fetching credit by id
2025-12-02 02:29:34.660 [reactor-http-nio-3] DEBUG c.bank.credit.service.CreditService - Finding credit by id: 692e94f28b14ad379e56ab8b
2025-12-02 02:29:34.661 [reactor-http-nio-3] DEBUG o.s.d.m.core.ReactiveMongoTemplate - findOne using query: { "id" : "692e94f28b14ad379e56ab8b"} fields: Document{{}} for class: class com.bank.credit.model.entity.Credit in collection: credits
2025-12-02 02:29:34.663 [nioEventLoopGroup-3-3] DEBUG c.bank.credit.service.CreditService - Credit found with id: 692e94f28b14ad379e56ab8b
2025-12-02 02:30:05.069 [reactor-http-nio-3] INFO  c.b.c.controller.CreditController - POST /api/credits/692e94f28b14ad379e56ab8b/charge - Making charge of 99999.00
2025-12-02 02:30:05.069 [reactor-http-nio-3] DEBUG c.bank.credit.service.CreditService - Making charge of 99999.00 to credit: 692e94f28b14ad379e56ab8b
2025-12-02 02:30:05.070 [reactor-http-nio-3] DEBUG o.s.d.m.core.ReactiveMongoTemplate - findOne using query: { "id" : "692e94f28b14ad379e56ab8b"} fields: Document{{}} for class: class com.bank.credit.model.entity.Credit in collection: credits
2025-12-02 02:30:05.072 [nioEventLoopGroup-3-3] ERROR c.b.c.e.GlobalExceptionHandler - Insufficient credit: Insufficient credit. Requested: 99999.00, Available: 4500.00
2025-12-02 02:30:23.858 [reactor-http-nio-3] INFO  c.b.c.controller.CreditController - POST /api/credits/692e94f28b14ad379e56ab8b/charge - Making charge of 1500.00
2025-12-02 02:30:23.858 [reactor-http-nio-3] DEBUG c.bank.credit.service.CreditService - Making charge of 1500.00 to credit: 692e94f28b14ad379e56ab8b
2025-12-02 02:30:23.858 [reactor-http-nio-3] DEBUG o.s.d.m.core.ReactiveMongoTemplate - findOne using query: { "id" : "692e94f28b14ad379e56ab8b"} fields: Document{{}} for class: class com.bank.credit.model.entity.Credit in collection: credits
2025-12-02 02:30:23.862 [nioEventLoopGroup-3-3] DEBUG o.s.d.m.core.ReactiveMongoTemplate - Saving Document containing fields: [_id, creditNumber, creditType, customerId, creditAmount, balance, creditLimit, interestRate, minimumPayment, paymentDueDay, active, createdAt, updatedAt, _class]
2025-12-02 02:30:23.863 [nioEventLoopGroup-3-3] INFO  c.bank.credit.service.CreditService - Charge successful. New balance: 2000.00
2025-12-02 02:30:55.875 [reactor-http-nio-3] INFO  c.b.c.controller.CreditController - POST /api/credits/692e94f28b14ad379e56ab8b/payment - Making payment of 250.00
2025-12-02 02:30:55.875 [reactor-http-nio-3] DEBUG c.bank.credit.service.CreditService - Making payment of 250.00 to credit: 692e94f28b14ad379e56ab8b
2025-12-02 02:30:55.875 [reactor-http-nio-3] DEBUG o.s.d.m.core.ReactiveMongoTemplate - findOne using query: { "id" : "692e94f28b14ad379e56ab8b"} fields: Document{{}} for class: class com.bank.credit.model.entity.Credit in collection: credits
2025-12-02 02:30:55.878 [nioEventLoopGroup-3-3] DEBUG o.s.d.m.core.ReactiveMongoTemplate - Saving Document containing fields: [_id, creditNumber, creditType, customerId, creditAmount, balance, creditLimit, interestRate, minimumPayment, paymentDueDay, active, createdAt, updatedAt, _class]
2025-12-02 02:30:55.879 [nioEventLoopGroup-3-3] INFO  c.bank.credit.service.CreditService - Payment successful. New balance: 1750.00
2025-12-02 02:31:07.269 [reactor-http-nio-3] INFO  c.b.c.controller.CreditController - POST /api/credits/692e94f28b14ad379e56ab8b/payment - Making payment of 500.00
2025-12-02 02:31:07.269 [reactor-http-nio-3] DEBUG c.bank.credit.service.CreditService - Making payment of 500.00 to credit: 692e94f28b14ad379e56ab8b
2025-12-02 02:31:07.269 [reactor-http-nio-3] DEBUG o.s.d.m.core.ReactiveMongoTemplate - findOne using query: { "id" : "692e94f28b14ad379e56ab8b"} fields: Document{{}} for class: class com.bank.credit.model.entity.Credit in collection: credits
2025-12-02 02:31:07.272 [nioEventLoopGroup-3-3] DEBUG o.s.d.m.core.ReactiveMongoTemplate - Saving Document containing fields: [_id, creditNumber, creditType, customerId, creditAmount, balance, creditLimit, interestRate, minimumPayment, paymentDueDay, active, createdAt, updatedAt, _class]
2025-12-02 02:31:07.273 [nioEventLoopGroup-3-3] INFO  c.bank.credit.service.CreditService - Payment successful. New balance: 1250.00
2025-12-02 02:31:19.702 [reactor-http-nio-3] INFO  c.b.c.controller.CreditController - POST /api/credits/692e94f28b14ad379e56ab8b/payment - Making payment of 100.00
2025-12-02 02:31:19.702 [reactor-http-nio-3] DEBUG c.bank.credit.service.CreditService - Making payment of 100.00 to credit: 692e94f28b14ad379e56ab8b
2025-12-02 02:31:19.702 [reactor-http-nio-3] DEBUG o.s.d.m.core.ReactiveMongoTemplate - findOne using query: { "id" : "692e94f28b14ad379e56ab8b"} fields: Document{{}} for class: class com.bank.credit.model.entity.Credit in collection: credits
2025-12-02 02:31:19.705 [nioEventLoopGroup-3-3] DEBUG o.s.d.m.core.ReactiveMongoTemplate - Saving Document containing fields: [_id, creditNumber, creditType, customerId, creditAmount, balance, creditLimit, interestRate, minimumPayment, paymentDueDay, active, createdAt, updatedAt, _class]
2025-12-02 02:31:19.706 [nioEventLoopGroup-3-3] INFO  c.bank.credit.service.CreditService - Payment successful. New balance: 1150.00
2025-12-02 02:31:31.643 [reactor-http-nio-3] INFO  c.b.c.controller.CreditController - POST /api/credits/692e94f28b14ad379e56ab8b/payment - Making payment of 2000.00
2025-12-02 02:31:31.644 [reactor-http-nio-3] DEBUG c.bank.credit.service.CreditService - Making payment of 2000.00 to credit: 692e94f28b14ad379e56ab8b
2025-12-02 02:31:31.644 [reactor-http-nio-3] DEBUG o.s.d.m.core.ReactiveMongoTemplate - findOne using query: { "id" : "692e94f28b14ad379e56ab8b"} fields: Document{{}} for class: class com.bank.credit.model.entity.Credit in collection: credits
2025-12-02 02:31:31.646 [nioEventLoopGroup-3-3] ERROR c.b.c.e.GlobalExceptionHandler - Business rule violation: Payment amount cannot exceed current balance
2025-12-02 02:31:52.151 [reactor-http-nio-3] INFO  c.b.c.controller.CreditController - POST /api/credits - Creating credit for customer: 692e5e3f76612561df8ef485
2025-12-02 02:31:52.152 [reactor-http-nio-3] DEBUG c.bank.credit.service.CreditService - Creating credit for customer: 692e5e3f76612561df8ef485
2025-12-02 02:31:52.152 [reactor-http-nio-3] DEBUG c.bank.credit.client.CustomerClient - Calling Customer Service to get customer with id: 692e5e3f76612561df8ef485
2025-12-02 02:31:52.160 [reactor-http-nio-3] DEBUG c.bank.credit.client.CustomerClient - Customer found: 692e5e3f76612561df8ef485
2025-12-02 02:31:52.160 [reactor-http-nio-3] DEBUG c.bank.credit.service.CreditService - Validating business rules for customer type: PERSONAL and credit type: PERSONAL_LOAN
2025-12-02 02:31:52.160 [reactor-http-nio-3] DEBUG o.s.d.m.r.query.MongoQueryCreator - Created query Query: { "customerId" : "692e5e3f76612561df8ef485", "creditType" : { "$java" : PERSONAL_LOAN } }, Fields: {}, Sort: {}
2025-12-02 02:31:52.161 [reactor-http-nio-3] DEBUG o.s.d.m.core.ReactiveMongoTemplate - Executing count: { "customerId" : "692e5e3f76612561df8ef485", "creditType" : "PERSONAL_LOAN"} in collection: credits
2025-12-02 02:31:52.161 [reactor-http-nio-3] DEBUG o.s.d.m.core.ReactiveMongoTemplate - Executing count: { "customerId" : "692e5e3f76612561df8ef485", "creditType" : "PERSONAL_LOAN"} in collection: credits
2025-12-02 02:31:52.169 [nioEventLoopGroup-3-3] ERROR c.b.c.e.GlobalExceptionHandler - Business rule violation: Personal customer can only have one personal loan
2025-12-02 02:32:07.889 [reactor-http-nio-3] INFO  c.b.c.controller.CreditController - POST /api/credits - Creating credit for customer: 692e5e5076612561df8ef486
2025-12-02 02:32:07.889 [reactor-http-nio-3] DEBUG c.bank.credit.service.CreditService - Creating credit for customer: 692e5e5076612561df8ef486
2025-12-02 02:32:07.889 [reactor-http-nio-3] DEBUG c.bank.credit.client.CustomerClient - Calling Customer Service to get customer with id: 692e5e5076612561df8ef486
2025-12-02 02:32:07.895 [reactor-http-nio-3] DEBUG c.bank.credit.client.CustomerClient - Customer found: 692e5e5076612561df8ef486
2025-12-02 02:32:07.895 [reactor-http-nio-3] DEBUG c.bank.credit.service.CreditService - Validating business rules for customer type: BUSINESS and credit type: BUSINESS_LOAN
2025-12-02 02:32:07.895 [reactor-http-nio-3] DEBUG o.s.d.m.core.ReactiveMongoTemplate - Inserting Document containing fields: [creditNumber, creditType, customerId, creditAmount, balance, creditLimit, interestRate, active, createdAt, _class] in collection: credits
2025-12-02 02:32:07.897 [nioEventLoopGroup-3-3] INFO  c.bank.credit.service.CreditService - Credit created successfully: CRD-BA68BA2BF9
2025-12-02 02:32:36.018 [reactor-http-nio-3] INFO  c.b.c.controller.CreditController - POST /api/credits/692e94ca8b14ad379e56ab8a/charge - Making charge of 100.00
2025-12-02 02:32:36.018 [reactor-http-nio-3] DEBUG c.bank.credit.service.CreditService - Making charge of 100.00 to credit: 692e94ca8b14ad379e56ab8a
2025-12-02 02:32:36.018 [reactor-http-nio-3] DEBUG o.s.d.m.core.ReactiveMongoTemplate - findOne using query: { "id" : "692e94ca8b14ad379e56ab8a"} fields: Document{{}} for class: class com.bank.credit.model.entity.Credit in collection: credits
2025-12-02 02:32:36.020 [nioEventLoopGroup-3-3] ERROR c.b.c.e.GlobalExceptionHandler - Business rule violation: Charges can only be made to credit cards
2025-12-02 03:16:46.899 [reactor-http-nio-4] INFO  c.b.c.controller.CreditController - GET /api/credits/692e94f28b14ad379e56ab8b - Fetching credit by id
2025-12-02 03:16:46.899 [reactor-http-nio-4] DEBUG c.bank.credit.service.CreditService - Finding credit by id: 692e94f28b14ad379e56ab8b
2025-12-02 03:16:46.900 [reactor-http-nio-4] DEBUG o.s.d.m.core.ReactiveMongoTemplate - findOne using query: { "id" : "692e94f28b14ad379e56ab8b"} fields: Document{{}} for class: class com.bank.credit.model.entity.Credit in collection: credits
2025-12-02 03:16:46.902 [nioEventLoopGroup-3-3] DEBUG c.bank.credit.service.CreditService - Credit found with id: 692e94f28b14ad379e56ab8b
2025-12-02 03:16:46.915 [reactor-http-nio-5] INFO  c.b.c.controller.CreditController - POST /api/credits/692e94f28b14ad379e56ab8b/payment - Making payment of 250.00
2025-12-02 03:16:46.915 [reactor-http-nio-5] DEBUG c.bank.credit.service.CreditService - Making payment of 250.00 to credit: 692e94f28b14ad379e56ab8b
2025-12-02 03:16:46.916 [reactor-http-nio-5] DEBUG o.s.d.m.core.ReactiveMongoTemplate - findOne using query: { "id" : "692e94f28b14ad379e56ab8b"} fields: Document{{}} for class: class com.bank.credit.model.entity.Credit in collection: credits
2025-12-02 03:16:46.918 [nioEventLoopGroup-3-3] DEBUG o.s.d.m.core.ReactiveMongoTemplate - Saving Document containing fields: [_id, creditNumber, creditType, customerId, creditAmount, balance, creditLimit, interestRate, minimumPayment, paymentDueDay, active, createdAt, updatedAt, _class]
2025-12-02 03:16:46.919 [nioEventLoopGroup-3-3] INFO  c.bank.credit.service.CreditService - Payment successful. New balance: 900.00
2025-12-02 03:17:20.647 [reactor-http-nio-4] INFO  c.b.c.controller.CreditController - GET /api/credits/692e94f28b14ad379e56ab8b - Fetching credit by id
2025-12-02 03:17:20.647 [reactor-http-nio-4] DEBUG c.bank.credit.service.CreditService - Finding credit by id: 692e94f28b14ad379e56ab8b
2025-12-02 03:17:20.647 [reactor-http-nio-4] DEBUG o.s.d.m.core.ReactiveMongoTemplate - findOne using query: { "id" : "692e94f28b14ad379e56ab8b"} fields: Document{{}} for class: class com.bank.credit.model.entity.Credit in collection: credits
2025-12-02 03:17:20.649 [nioEventLoopGroup-3-3] DEBUG c.bank.credit.service.CreditService - Credit found with id: 692e94f28b14ad379e56ab8b
2025-12-02 03:17:20.655 [reactor-http-nio-5] INFO  c.b.c.controller.CreditController - POST /api/credits/692e94f28b14ad379e56ab8b/charge - Making charge of 150.00
2025-12-02 03:17:20.655 [reactor-http-nio-5] DEBUG c.bank.credit.service.CreditService - Making charge of 150.00 to credit: 692e94f28b14ad379e56ab8b
2025-12-02 03:17:20.655 [reactor-http-nio-5] DEBUG o.s.d.m.core.ReactiveMongoTemplate - findOne using query: { "id" : "692e94f28b14ad379e56ab8b"} fields: Document{{}} for class: class com.bank.credit.model.entity.Credit in collection: credits
2025-12-02 03:17:20.657 [nioEventLoopGroup-3-3] DEBUG o.s.d.m.core.ReactiveMongoTemplate - Saving Document containing fields: [_id, creditNumber, creditType, customerId, creditAmount, balance, creditLimit, interestRate, minimumPayment, paymentDueDay, active, createdAt, updatedAt, _class]
2025-12-02 03:17:20.658 [nioEventLoopGroup-3-3] INFO  c.bank.credit.service.CreditService - Charge successful. New balance: 1050.00
2025-12-02 03:18:53.124 [SpringApplicationShutdownHook] INFO  o.s.b.w.e.netty.GracefulShutdown - Commencing graceful shutdown. Waiting for active requests to complete
2025-12-02 03:18:53.125 [netty-shutdown] INFO  o.s.b.w.e.netty.GracefulShutdown - Graceful shutdown complete
2025-12-02 12:40:58.049 [background-preinit] INFO  o.h.validator.internal.util.Version - HV000001: Hibernate Validator 8.0.3.Final
2025-12-02 12:40:58.085 [main] INFO  com.bank.credit.CreditApplication - Starting CreditApplication using Java 17.0.6 with PID 15716 (C:\Users\Jeanso\Documents\NTT-PROYECTOS\Proyecto_final\credit\target\classes started by Jeanso in C:\Users\Jeanso\Documents\NTT-PROYECTOS\Proyecto_final\credit)
2025-12-02 12:40:58.085 [main] DEBUG com.bank.credit.CreditApplication - Running with Spring Boot v3.4.12, Spring v6.2.14
2025-12-02 12:40:58.086 [main] INFO  com.bank.credit.CreditApplication - No active profile set, falling back to 1 default profile: "default"
2025-12-02 12:40:58.114 [main] INFO  o.s.c.c.c.ConfigServerConfigDataLoader - Fetching config from server at : http://localhost:8888
2025-12-02 12:40:58.115 [main] INFO  o.s.c.c.c.ConfigServerConfigDataLoader - Located environment: name=credit, profiles=[default], label=null, version=null, state=null
2025-12-02 12:40:58.500 [main] INFO  o.s.d.r.c.RepositoryConfigurationDelegate - Bootstrapping Spring Data Reactive MongoDB repositories in DEFAULT mode.
2025-12-02 12:40:58.585 [main] INFO  o.s.d.r.c.RepositoryConfigurationDelegate - Finished Spring Data repository scanning in 80 ms. Found 1 Reactive MongoDB repository interface.
2025-12-02 12:40:58.644 [main] INFO  o.s.cloud.context.scope.GenericScope - BeanFactory id=24b138d9-6fe4-3833-892d-1a13cb4a8bea
2025-12-02 12:40:59.068 [main] INFO  org.mongodb.driver.client - MongoClient with metadata {"driver": {"name": "mongo-java-driver|reactive-streams|spring-boot", "version": "5.2.1"}, "os": {"type": "Windows", "name": "Windows 10", "architecture": "amd64", "version": "10.0"}, "platform": "Java/Oracle Corporation/17.0.6+9-LTS-190"} created with settings MongoClientSettings{readPreference=primary, writeConcern=WriteConcern{w=null, wTimeout=null ms, journal=null}, retryWrites=true, retryReads=true, readConcern=ReadConcern{level=null}, credential=null, transportSettings=NettyTransportSettings{eventLoopGroup=io.netty.channel.nio.NioEventLoopGroup@7cd3e0da, socketChannelClass=null, allocator=null, sslContext=null}, commandListeners=[], codecRegistry=ProvidersCodecRegistry{codecProviders=[ValueCodecProvider{}, BsonValueCodecProvider{}, DBRefCodecProvider{}, DBObjectCodecProvider{}, DocumentCodecProvider{}, CollectionCodecProvider{}, IterableCodecProvider{}, MapCodecProvider{}, GeoJsonCodecProvider{}, GridFSFileCodecProvider{}, Jsr310CodecProvider{}, JsonObjectCodecProvider{}, BsonCodecProvider{}, EnumCodecProvider{}, com.mongodb.client.model.mql.ExpressionCodecProvider@919086, com.mongodb.Jep395RecordCodecProvider@67e77f52, com.mongodb.KotlinCodecProvider@7ead1d80]}, loggerSettings=LoggerSettings{maxDocumentLength=1000}, clusterSettings={hosts=[localhost:27017], srvServiceName=mongodb, mode=SINGLE, requiredClusterType=UNKNOWN, requiredReplicaSetName='null', serverSelector='null', clusterListeners='[]', serverSelectionTimeout='30000 ms', localThreshold='15 ms'}, socketSettings=SocketSettings{connectTimeoutMS=10000, readTimeoutMS=0, receiveBufferSize=0, proxySettings=ProxySettings{host=null, port=null, username=null, password=null}}, heartbeatSocketSettings=SocketSettings{connectTimeoutMS=10000, readTimeoutMS=10000, receiveBufferSize=0, proxySettings=ProxySettings{host=null, port=null, username=null, password=null}}, connectionPoolSettings=ConnectionPoolSettings{maxSize=100, minSize=0, maxWaitTimeMS=120000, maxConnectionLifeTimeMS=0, maxConnectionIdleTimeMS=0, maintenanceInitialDelayMS=0, maintenanceFrequencyMS=60000, connectionPoolListeners=[], maxConnecting=2}, serverSettings=ServerSettings{heartbeatFrequencyMS=10000, minHeartbeatFrequencyMS=500, serverMonitoringMode=AUTO, serverListeners='[]', serverMonitorListeners='[]'}, sslSettings=SslSettings{enabled=false, invalidHostNameAllowed=false, context=null}, applicationName='null', compressorList=[], uuidRepresentation=JAVA_LEGACY, serverApi=null, autoEncryptionSettings=null, dnsClient=null, inetAddressResolver=null, contextProvider=null, timeoutMS=null}
2025-12-02 12:40:59.145 [cluster-ClusterId{value='692f24abb4a10444b8242e5a', description='null'}-localhost:27017] INFO  org.mongodb.driver.cluster - Monitor thread successfully connected to server with description ServerDescription{address=localhost:27017, type=STANDALONE, cryptd=false, state=CONNECTED, ok=true, minWireVersion=0, maxWireVersion=27, maxDocumentSize=16777216, logicalSessionTimeoutMinutes=30, roundTripTimeNanos=33430200, minRoundTripTimeNanos=0}
2025-12-02 12:40:59.667 [main] INFO  o.s.b.w.e.netty.NettyWebServer - Netty started on port 8083 (http)
2025-12-02 12:40:59.787 [main] INFO  com.bank.credit.CreditApplication - Started CreditApplication in 2.443 seconds (process running for 2.823)
2025-12-02 13:02:25.502 [SpringApplicationShutdownHook] INFO  o.s.b.w.e.netty.GracefulShutdown - Commencing graceful shutdown. Waiting for active requests to complete
2025-12-02 13:02:25.504 [netty-shutdown] INFO  o.s.b.w.e.netty.GracefulShutdown - Graceful shutdown complete
2025-12-02 14:25:43.058 [background-preinit] INFO  o.h.validator.internal.util.Version - HV000001: Hibernate Validator 8.0.3.Final
2025-12-02 14:25:43.094 [main] INFO  com.bank.credit.CreditApplication - Starting CreditApplication using Java 17.0.6 with PID 1672 (C:\Users\Jeanso\Documents\NTT-PROYECTOS\Proyecto_final\credit\target\classes started by Jeanso in C:\Users\Jeanso\Documents\NTT-PROYECTOS\Proyecto_final\credit)
2025-12-02 14:25:43.095 [main] DEBUG com.bank.credit.CreditApplication - Running with Spring Boot v3.4.12, Spring v6.2.14
2025-12-02 14:25:43.095 [main] INFO  com.bank.credit.CreditApplication - No active profile set, falling back to 1 default profile: "default"
2025-12-02 14:25:43.128 [main] INFO  o.s.c.c.c.ConfigServerConfigDataLoader - Fetching config from server at : http://localhost:8888
2025-12-02 14:25:43.128 [main] INFO  o.s.c.c.c.ConfigServerConfigDataLoader - Located environment: name=credit, profiles=[default], label=null, version=null, state=null
2025-12-02 14:25:43.542 [main] INFO  o.s.d.r.c.RepositoryConfigurationDelegate - Bootstrapping Spring Data Reactive MongoDB repositories in DEFAULT mode.
2025-12-02 14:25:43.631 [main] INFO  o.s.d.r.c.RepositoryConfigurationDelegate - Finished Spring Data repository scanning in 83 ms. Found 1 Reactive MongoDB repository interface.
2025-12-02 14:25:43.741 [main] INFO  o.s.cloud.context.scope.GenericScope - BeanFactory id=25c8c623-035e-3581-a9df-835d732dc453
2025-12-02 14:25:44.168 [main] INFO  org.mongodb.driver.client - MongoClient with metadata {"driver": {"name": "mongo-java-driver|reactive-streams|spring-boot", "version": "5.2.1"}, "os": {"type": "Windows", "name": "Windows 10", "architecture": "amd64", "version": "10.0"}, "platform": "Java/Oracle Corporation/17.0.6+9-LTS-190"} created with settings MongoClientSettings{readPreference=primary, writeConcern=WriteConcern{w=null, wTimeout=null ms, journal=null}, retryWrites=true, retryReads=true, readConcern=ReadConcern{level=null}, credential=null, transportSettings=NettyTransportSettings{eventLoopGroup=io.netty.channel.nio.NioEventLoopGroup@2a2b7a35, socketChannelClass=null, allocator=null, sslContext=null}, commandListeners=[], codecRegistry=ProvidersCodecRegistry{codecProviders=[ValueCodecProvider{}, BsonValueCodecProvider{}, DBRefCodecProvider{}, DBObjectCodecProvider{}, DocumentCodecProvider{}, CollectionCodecProvider{}, IterableCodecProvider{}, MapCodecProvider{}, GeoJsonCodecProvider{}, GridFSFileCodecProvider{}, Jsr310CodecProvider{}, JsonObjectCodecProvider{}, BsonCodecProvider{}, EnumCodecProvider{}, com.mongodb.client.model.mql.ExpressionCodecProvider@58186f9f, com.mongodb.Jep395RecordCodecProvider@62faf77, com.mongodb.KotlinCodecProvider@1f39269d]}, loggerSettings=LoggerSettings{maxDocumentLength=1000}, clusterSettings={hosts=[localhost:27017], srvServiceName=mongodb, mode=SINGLE, requiredClusterType=UNKNOWN, requiredReplicaSetName='null', serverSelector='null', clusterListeners='[]', serverSelectionTimeout='30000 ms', localThreshold='15 ms'}, socketSettings=SocketSettings{connectTimeoutMS=10000, readTimeoutMS=0, receiveBufferSize=0, proxySettings=ProxySettings{host=null, port=null, username=null, password=null}}, heartbeatSocketSettings=SocketSettings{connectTimeoutMS=10000, readTimeoutMS=10000, receiveBufferSize=0, proxySettings=ProxySettings{host=null, port=null, username=null, password=null}}, connectionPoolSettings=ConnectionPoolSettings{maxSize=100, minSize=0, maxWaitTimeMS=120000, maxConnectionLifeTimeMS=0, maxConnectionIdleTimeMS=0, maintenanceInitialDelayMS=0, maintenanceFrequencyMS=60000, connectionPoolListeners=[], maxConnecting=2}, serverSettings=ServerSettings{heartbeatFrequencyMS=10000, minHeartbeatFrequencyMS=500, serverMonitoringMode=AUTO, serverListeners='[]', serverMonitorListeners='[]'}, sslSettings=SslSettings{enabled=false, invalidHostNameAllowed=false, context=null}, applicationName='null', compressorList=[], uuidRepresentation=JAVA_LEGACY, serverApi=null, autoEncryptionSettings=null, dnsClient=null, inetAddressResolver=null, contextProvider=null, timeoutMS=null}
2025-12-02 14:25:44.234 [cluster-ClusterId{value='692f3d38170fef12ff070c20', description='null'}-localhost:27017] INFO  org.mongodb.driver.cluster - Monitor thread successfully connected to server with description ServerDescription{address=localhost:27017, type=STANDALONE, cryptd=false, state=CONNECTED, ok=true, minWireVersion=0, maxWireVersion=27, maxDocumentSize=16777216, logicalSessionTimeoutMinutes=30, roundTripTimeNanos=29598600, minRoundTripTimeNanos=0}
2025-12-02 14:25:44.871 [main] INFO  o.s.c.n.e.c.DiscoveryClientOptionalArgsConfiguration - Eureka HTTP Client uses RestTemplate.
2025-12-02 14:25:44.963 [main] WARN  o.s.c.l.c.LoadBalancerCacheAutoConfiguration$LoadBalancerCaffeineWarnLogger - Spring Cloud LoadBalancer is currently working with the default cache. While this cache implementation is useful for development and tests, it's recommended to use Caffeine cache in production.You can switch to using Caffeine cache, by adding it and org.springframework.cache.caffeine.CaffeineCacheManager to the classpath.
2025-12-02 14:25:44.983 [main] INFO  o.s.c.n.eureka.InstanceInfoFactory - Setting initial instance status as: STARTING
2025-12-02 14:25:44.999 [main] INFO  c.netflix.discovery.DiscoveryClient - Initializing Eureka in region us-east-1
2025-12-02 14:25:45.001 [main] INFO  c.n.d.s.r.aws.ConfigClusterResolver - Resolving eureka endpoints via configuration
2025-12-02 14:25:45.008 [main] INFO  c.netflix.discovery.DiscoveryClient - Disable delta property : false
2025-12-02 14:25:45.008 [main] INFO  c.netflix.discovery.DiscoveryClient - Single vip registry refresh property : null
2025-12-02 14:25:45.008 [main] INFO  c.netflix.discovery.DiscoveryClient - Force full registry fetch : false
2025-12-02 14:25:45.008 [main] INFO  c.netflix.discovery.DiscoveryClient - Application is null : false
2025-12-02 14:25:45.008 [main] INFO  c.netflix.discovery.DiscoveryClient - Registered Applications size is zero : true
2025-12-02 14:25:45.008 [main] INFO  c.netflix.discovery.DiscoveryClient - Application version is -1: true
2025-12-02 14:25:45.008 [main] INFO  c.netflix.discovery.DiscoveryClient - Getting all instance registry info from the eureka server
2025-12-02 14:25:45.205 [main] INFO  c.netflix.discovery.DiscoveryClient - The response status is 200
2025-12-02 14:25:45.206 [main] INFO  c.netflix.discovery.DiscoveryClient - Starting heartbeat executor: renew interval is: 30
2025-12-02 14:25:45.208 [main] INFO  c.n.discovery.InstanceInfoReplicator - InstanceInfoReplicator onDemand update allowed rate per min is 4
2025-12-02 14:25:45.208 [main] INFO  c.netflix.discovery.DiscoveryClient - Discovery Client initialized at timestamp 1764703545208 with initial instances count: 3
2025-12-02 14:25:45.210 [main] INFO  o.s.c.n.e.s.EurekaServiceRegistry - Registering application CREDIT with eureka with status UP
2025-12-02 14:25:45.211 [main] INFO  c.netflix.discovery.DiscoveryClient - Saw local status change event StatusChangeEvent [timestamp=1764703545211, current=UP, previous=STARTING]
2025-12-02 14:25:45.212 [DiscoveryClient-InstanceInfoReplicator-%d] INFO  c.netflix.discovery.DiscoveryClient - DiscoveryClient_CREDIT/host.docker.internal:credit:8083: registering service...
2025-12-02 14:25:45.239 [DiscoveryClient-InstanceInfoReplicator-%d] INFO  c.netflix.discovery.DiscoveryClient - DiscoveryClient_CREDIT/host.docker.internal:credit:8083 - registration status: 204
2025-12-02 14:25:45.243 [main] INFO  o.s.b.w.e.netty.NettyWebServer - Netty started on port 8083 (http)
2025-12-02 14:25:45.244 [main] INFO  o.s.c.n.e.s.EurekaAutoServiceRegistration - Updating port to 8083
2025-12-02 14:25:45.377 [main] INFO  com.bank.credit.CreditApplication - Started CreditApplication in 3.062 seconds (process running for 3.526)
2025-12-02 14:30:45.020 [AsyncResolver-bootstrap-executor-%d] INFO  c.n.d.s.r.aws.ConfigClusterResolver - Resolving eureka endpoints via configuration
2025-12-02 14:35:45.034 [AsyncResolver-bootstrap-executor-%d] INFO  c.n.d.s.r.aws.ConfigClusterResolver - Resolving eureka endpoints via configuration
2025-12-02 14:40:45.049 [AsyncResolver-bootstrap-executor-%d] INFO  c.n.d.s.r.aws.ConfigClusterResolver - Resolving eureka endpoints via configuration
2025-12-02 14:44:00.435 [SpringApplicationShutdownHook] INFO  o.s.c.n.e.s.EurekaServiceRegistry - Unregistering application CREDIT with eureka with status DOWN
2025-12-02 14:44:00.435 [SpringApplicationShutdownHook] INFO  c.netflix.discovery.DiscoveryClient - Saw local status change event StatusChangeEvent [timestamp=1764704640435, current=DOWN, previous=UP]
2025-12-02 14:44:00.435 [DiscoveryClient-InstanceInfoReplicator-%d] INFO  c.netflix.discovery.DiscoveryClient - DiscoveryClient_CREDIT/host.docker.internal:credit:8083: registering service...
2025-12-02 14:44:00.436 [SpringApplicationShutdownHook] INFO  o.s.b.w.e.netty.GracefulShutdown - Commencing graceful shutdown. Waiting for active requests to complete
2025-12-02 14:44:00.438 [netty-shutdown] INFO  o.s.b.w.e.netty.GracefulShutdown - Graceful shutdown complete
2025-12-02 14:44:00.441 [DiscoveryClient-InstanceInfoReplicator-%d] INFO  c.netflix.discovery.DiscoveryClient - DiscoveryClient_CREDIT/host.docker.internal:credit:8083 - registration status: 204
2025-12-02 14:44:04.602 [SpringApplicationShutdownHook] INFO  c.netflix.discovery.DiscoveryClient - Shutting down DiscoveryClient ...
2025-12-02 15:08:37.521 [background-preinit] INFO  o.h.validator.internal.util.Version - HV000001: Hibernate Validator 8.0.3.Final
2025-12-02 15:08:37.559 [main] INFO  com.bank.credit.CreditApplication - Starting CreditApplication using Java 17.0.6 with PID 5072 (C:\Users\Jeanso\Documents\NTT-PROYECTOS\Proyecto_final\credit\target\classes started by Jeanso in C:\Users\Jeanso\Documents\NTT-PROYECTOS\Proyecto_final\credit)
2025-12-02 15:08:37.559 [main] DEBUG com.bank.credit.CreditApplication - Running with Spring Boot v3.4.12, Spring v6.2.14
2025-12-02 15:08:37.560 [main] INFO  com.bank.credit.CreditApplication - No active profile set, falling back to 1 default profile: "default"
2025-12-02 15:08:37.591 [main] INFO  o.s.c.c.c.ConfigServerConfigDataLoader - Fetching config from server at : http://localhost:8888
2025-12-02 15:08:37.591 [main] INFO  o.s.c.c.c.ConfigServerConfigDataLoader - Located environment: name=credit, profiles=[default], label=null, version=null, state=null
2025-12-02 15:08:38.054 [main] INFO  o.s.d.r.c.RepositoryConfigurationDelegate - Bootstrapping Spring Data Reactive MongoDB repositories in DEFAULT mode.
2025-12-02 15:08:38.148 [main] INFO  o.s.d.r.c.RepositoryConfigurationDelegate - Finished Spring Data repository scanning in 88 ms. Found 1 Reactive MongoDB repository interface.
2025-12-02 15:08:38.255 [main] INFO  o.s.cloud.context.scope.GenericScope - BeanFactory id=25c8c623-035e-3581-a9df-835d732dc453
2025-12-02 15:08:38.674 [main] INFO  org.mongodb.driver.client - MongoClient with metadata {"driver": {"name": "mongo-java-driver|reactive-streams|spring-boot", "version": "5.2.1"}, "os": {"type": "Windows", "name": "Windows 10", "architecture": "amd64", "version": "10.0"}, "platform": "Java/Oracle Corporation/17.0.6+9-LTS-190"} created with settings MongoClientSettings{readPreference=primary, writeConcern=WriteConcern{w=null, wTimeout=null ms, journal=null}, retryWrites=true, retryReads=true, readConcern=ReadConcern{level=null}, credential=null, transportSettings=NettyTransportSettings{eventLoopGroup=io.netty.channel.nio.NioEventLoopGroup@6cd45b6c, socketChannelClass=null, allocator=null, sslContext=null}, commandListeners=[], codecRegistry=ProvidersCodecRegistry{codecProviders=[ValueCodecProvider{}, BsonValueCodecProvider{}, DBRefCodecProvider{}, DBObjectCodecProvider{}, DocumentCodecProvider{}, CollectionCodecProvider{}, IterableCodecProvider{}, MapCodecProvider{}, GeoJsonCodecProvider{}, GridFSFileCodecProvider{}, Jsr310CodecProvider{}, JsonObjectCodecProvider{}, BsonCodecProvider{}, EnumCodecProvider{}, com.mongodb.client.model.mql.ExpressionCodecProvider@3a5b7d7e, com.mongodb.Jep395RecordCodecProvider@13cc31ae, com.mongodb.KotlinCodecProvider@5bb7a59]}, loggerSettings=LoggerSettings{maxDocumentLength=1000}, clusterSettings={hosts=[localhost:27017], srvServiceName=mongodb, mode=SINGLE, requiredClusterType=UNKNOWN, requiredReplicaSetName='null', serverSelector='null', clusterListeners='[]', serverSelectionTimeout='30000 ms', localThreshold='15 ms'}, socketSettings=SocketSettings{connectTimeoutMS=10000, readTimeoutMS=0, receiveBufferSize=0, proxySettings=ProxySettings{host=null, port=null, username=null, password=null}}, heartbeatSocketSettings=SocketSettings{connectTimeoutMS=10000, readTimeoutMS=10000, receiveBufferSize=0, proxySettings=ProxySettings{host=null, port=null, username=null, password=null}}, connectionPoolSettings=ConnectionPoolSettings{maxSize=100, minSize=0, maxWaitTimeMS=120000, maxConnectionLifeTimeMS=0, maxConnectionIdleTimeMS=0, maintenanceInitialDelayMS=0, maintenanceFrequencyMS=60000, connectionPoolListeners=[], maxConnecting=2}, serverSettings=ServerSettings{heartbeatFrequencyMS=10000, minHeartbeatFrequencyMS=500, serverMonitoringMode=AUTO, serverListeners='[]', serverMonitorListeners='[]'}, sslSettings=SslSettings{enabled=false, invalidHostNameAllowed=false, context=null}, applicationName='null', compressorList=[], uuidRepresentation=JAVA_LEGACY, serverApi=null, autoEncryptionSettings=null, dnsClient=null, inetAddressResolver=null, contextProvider=null, timeoutMS=null}
2025-12-02 15:08:38.742 [cluster-ClusterId{value='692f474601bca50d3a8db84a', description='null'}-localhost:27017] INFO  org.mongodb.driver.cluster - Monitor thread successfully connected to server with description ServerDescription{address=localhost:27017, type=STANDALONE, cryptd=false, state=CONNECTED, ok=true, minWireVersion=0, maxWireVersion=27, maxDocumentSize=16777216, logicalSessionTimeoutMinutes=30, roundTripTimeNanos=30170300, minRoundTripTimeNanos=0}
2025-12-02 15:08:39.459 [main] INFO  o.s.c.n.e.c.DiscoveryClientOptionalArgsConfiguration - Eureka HTTP Client uses RestTemplate.
2025-12-02 15:08:39.548 [main] WARN  o.s.c.l.c.LoadBalancerCacheAutoConfiguration$LoadBalancerCaffeineWarnLogger - Spring Cloud LoadBalancer is currently working with the default cache. While this cache implementation is useful for development and tests, it's recommended to use Caffeine cache in production.You can switch to using Caffeine cache, by adding it and org.springframework.cache.caffeine.CaffeineCacheManager to the classpath.
2025-12-02 15:08:39.569 [main] INFO  o.s.c.n.eureka.InstanceInfoFactory - Setting initial instance status as: STARTING
2025-12-02 15:08:39.585 [main] INFO  c.netflix.discovery.DiscoveryClient - Initializing Eureka in region us-east-1
2025-12-02 15:08:39.588 [main] INFO  c.n.d.s.r.aws.ConfigClusterResolver - Resolving eureka endpoints via configuration
2025-12-02 15:08:39.595 [main] INFO  c.netflix.discovery.DiscoveryClient - Disable delta property : false
2025-12-02 15:08:39.595 [main] INFO  c.netflix.discovery.DiscoveryClient - Single vip registry refresh property : null
2025-12-02 15:08:39.595 [main] INFO  c.netflix.discovery.DiscoveryClient - Force full registry fetch : false
2025-12-02 15:08:39.595 [main] INFO  c.netflix.discovery.DiscoveryClient - Application is null : false
2025-12-02 15:08:39.595 [main] INFO  c.netflix.discovery.DiscoveryClient - Registered Applications size is zero : true
2025-12-02 15:08:39.595 [main] INFO  c.netflix.discovery.DiscoveryClient - Application version is -1: true
2025-12-02 15:08:39.595 [main] INFO  c.netflix.discovery.DiscoveryClient - Getting all instance registry info from the eureka server
2025-12-02 15:08:39.780 [main] INFO  c.netflix.discovery.DiscoveryClient - The response status is 200
2025-12-02 15:08:39.781 [main] INFO  c.netflix.discovery.DiscoveryClient - Starting heartbeat executor: renew interval is: 30
2025-12-02 15:08:39.783 [main] INFO  c.n.discovery.InstanceInfoReplicator - InstanceInfoReplicator onDemand update allowed rate per min is 4
2025-12-02 15:08:39.784 [main] INFO  c.netflix.discovery.DiscoveryClient - Discovery Client initialized at timestamp 1764706119784 with initial instances count: 1
2025-12-02 15:08:39.786 [main] INFO  o.s.c.n.e.s.EurekaServiceRegistry - Registering application CREDIT with eureka with status UP
2025-12-02 15:08:39.787 [main] INFO  c.netflix.discovery.DiscoveryClient - Saw local status change event StatusChangeEvent [timestamp=1764706119787, current=UP, previous=STARTING]
2025-12-02 15:08:39.788 [DiscoveryClient-InstanceInfoReplicator-%d] INFO  c.netflix.discovery.DiscoveryClient - DiscoveryClient_CREDIT/host.docker.internal:credit:8083: registering service...
2025-12-02 15:08:39.818 [DiscoveryClient-InstanceInfoReplicator-%d] INFO  c.netflix.discovery.DiscoveryClient - DiscoveryClient_CREDIT/host.docker.internal:credit:8083 - registration status: 204
2025-12-02 15:08:39.821 [main] INFO  o.s.b.w.e.netty.NettyWebServer - Netty started on port 8083 (http)
2025-12-02 15:08:39.822 [main] INFO  o.s.c.n.e.s.EurekaAutoServiceRegistration - Updating port to 8083
2025-12-02 15:08:39.975 [main] INFO  com.bank.credit.CreditApplication - Started CreditApplication in 3.237 seconds (process running for 3.749)
2025-12-02 15:13:39.605 [AsyncResolver-bootstrap-executor-%d] INFO  c.n.d.s.r.aws.ConfigClusterResolver - Resolving eureka endpoints via configuration
2025-12-02 15:14:07.485 [reactor-http-nio-3] ERROR c.b.c.e.GlobalExceptionHandler - Unexpected error: 404 NOT_FOUND "No static resource credit/api/credits."
org.springframework.web.reactive.resource.NoResourceFoundException: 404 NOT_FOUND "No static resource credit/api/credits."
	at org.springframework.web.reactive.resource.ResourceWebHandler.lambda$handle$1(ResourceWebHandler.java:434)
	at reactor.core.publisher.MonoDefer.subscribe(MonoDefer.java:45)
	at reactor.core.publisher.Mono.subscribe(Mono.java:4576)
	at reactor.core.publisher.FluxSwitchIfEmpty$SwitchIfEmptySubscriber.onComplete(FluxSwitchIfEmpty.java:82)
	at reactor.core.publisher.MonoFlatMap$FlatMapMain.onComplete(MonoFlatMap.java:189)
	at reactor.core.publisher.MonoNext$NextSubscriber.onComplete(MonoNext.java:102)
	at reactor.core.publisher.FluxConcatMapNoPrefetch$FluxConcatMapNoPrefetchSubscriber.onComplete(FluxConcatMapNoPrefetch.java:241)
	at reactor.core.publisher.FluxIterable$IterableSubscription.slowPath(FluxIterable.java:357)
	at reactor.core.publisher.FluxIterable$IterableSubscription.request(FluxIterable.java:294)
	at reactor.core.publisher.FluxConcatMapNoPrefetch$FluxConcatMapNoPrefetchSubscriber.request(FluxConcatMapNoPrefetch.java:337)
	at reactor.core.publisher.MonoNext$NextSubscriber.request(MonoNext.java:108)
	at reactor.core.publisher.MonoFlatMap$FlatMapMain.request(MonoFlatMap.java:194)
	at reactor.core.publisher.Operators$MultiSubscriptionSubscriber.set(Operators.java:2366)
	at reactor.core.publisher.Operators$MultiSubscriptionSubscriber.onSubscribe(Operators.java:2240)
	at reactor.core.publisher.MonoFlatMap$FlatMapMain.onSubscribe(MonoFlatMap.java:117)
	at reactor.core.publisher.MonoNext$NextSubscriber.onSubscribe(MonoNext.java:70)
	at reactor.core.publisher.FluxConcatMapNoPrefetch$FluxConcatMapNoPrefetchSubscriber.onSubscribe(FluxConcatMapNoPrefetch.java:164)
	at reactor.core.publisher.FluxIterable.subscribe(FluxIterable.java:201)
	at reactor.core.publisher.FluxIterable.subscribe(FluxIterable.java:83)
	at reactor.core.publisher.Mono.subscribe(Mono.java:4576)
	at reactor.core.publisher.MonoIgnoreThen$ThenIgnoreMain.subscribeNext(MonoIgnoreThen.java:265)
	at reactor.core.publisher.MonoIgnoreThen.subscribe(MonoIgnoreThen.java:51)
	at reactor.core.publisher.InternalMonoOperator.subscribe(InternalMonoOperator.java:76)
	at reactor.core.publisher.MonoFlatMap$FlatMapMain.onNext(MonoFlatMap.java:165)
	at reactor.core.publisher.FluxOnErrorResume$ResumeSubscriber.onNext(FluxOnErrorResume.java:79)
	at reactor.core.publisher.FluxSwitchIfEmpty$SwitchIfEmptySubscriber.onNext(FluxSwitchIfEmpty.java:74)
	at reactor.core.publisher.MonoNext$NextSubscriber.onNext(MonoNext.java:82)
	at reactor.core.publisher.FluxConcatMapNoPrefetch$FluxConcatMapNoPrefetchSubscriber.innerNext(FluxConcatMapNoPrefetch.java:259)
	at reactor.core.publisher.FluxConcatMap$ConcatMapInner.onNext(FluxConcatMap.java:865)
	at reactor.core.publisher.FluxMapFuseable$MapFuseableSubscriber.onNext(FluxMapFuseable.java:129)
	at reactor.core.publisher.Operators$ScalarSubscription.request(Operators.java:2570)
	at reactor.core.publisher.FluxMapFuseable$MapFuseableSubscriber.request(FluxMapFuseable.java:171)
	at reactor.core.publisher.Operators$MultiSubscriptionSubscriber.request(Operators.java:2330)
	at reactor.core.publisher.FluxConcatMapNoPrefetch$FluxConcatMapNoPrefetchSubscriber.request(FluxConcatMapNoPrefetch.java:339)
	at reactor.core.publisher.MonoNext$NextSubscriber.request(MonoNext.java:108)
	at reactor.core.publisher.Operators$MultiSubscriptionSubscriber.set(Operators.java:2366)
	at reactor.core.publisher.Operators$MultiSubscriptionSubscriber.onSubscribe(Operators.java:2240)
	at reactor.core.publisher.MonoNext$NextSubscriber.onSubscribe(MonoNext.java:70)
	at reactor.core.publisher.FluxConcatMapNoPrefetch$FluxConcatMapNoPrefetchSubscriber.onSubscribe(FluxConcatMapNoPrefetch.java:164)
	at reactor.core.publisher.FluxIterable.subscribe(FluxIterable.java:201)
	at reactor.core.publisher.FluxIterable.subscribe(FluxIterable.java:83)
	at reactor.core.publisher.InternalMonoOperator.subscribe(InternalMonoOperator.java:76)
	at reactor.core.publisher.MonoDefer.subscribe(MonoDefer.java:53)
	at reactor.core.publisher.Mono.subscribe(Mono.java:4576)
	at reactor.core.publisher.MonoIgnoreThen$ThenIgnoreMain.subscribeNext(MonoIgnoreThen.java:265)
	at reactor.core.publisher.MonoIgnoreThen.subscribe(MonoIgnoreThen.java:51)
	at reactor.core.publisher.InternalMonoOperator.subscribe(InternalMonoOperator.java:76)
	at reactor.core.publisher.MonoDeferContextual.subscribe(MonoDeferContextual.java:55)
	at reactor.netty.http.server.HttpServer$HttpServerHandle.onStateChange(HttpServer.java:1324)
	at reactor.netty.ReactorNetty$CompositeConnectionObserver.onStateChange(ReactorNetty.java:722)
	at reactor.netty.transport.ServerTransport$ChildObserver.onStateChange(ServerTransport.java:486)
	at reactor.netty.http.server.HttpServerOperations.handleDefaultHttpRequest(HttpServerOperations.java:870)
	at reactor.netty.http.server.HttpServerOperations.onInboundNext(HttpServerOperations.java:796)
	at reactor.netty.channel.ChannelOperationsHandler.channelRead(ChannelOperationsHandler.java:115)
	at io.netty.channel.AbstractChannelHandlerContext.invokeChannelRead(AbstractChannelHandlerContext.java:444)
	at io.netty.channel.AbstractChannelHandlerContext.invokeChannelRead(AbstractChannelHandlerContext.java:420)
	at io.netty.channel.AbstractChannelHandlerContext.fireChannelRead(AbstractChannelHandlerContext.java:412)
	at reactor.netty.http.server.HttpTrafficHandler.channelRead(HttpTrafficHandler.java:274)
	at io.netty.channel.AbstractChannelHandlerContext.invokeChannelRead(AbstractChannelHandlerContext.java:442)
	at io.netty.channel.AbstractChannelHandlerContext.invokeChannelRead(AbstractChannelHandlerContext.java:420)
	at io.netty.channel.AbstractChannelHandlerContext.fireChannelRead(AbstractChannelHandlerContext.java:412)
	at io.netty.channel.CombinedChannelDuplexHandler$DelegatingChannelHandlerContext.fireChannelRead(CombinedChannelDuplexHandler.java:436)
	at io.netty.handler.codec.ByteToMessageDecoder.fireChannelRead(ByteToMessageDecoder.java:346)
	at io.netty.handler.codec.ByteToMessageDecoder.channelRead(ByteToMessageDecoder.java:318)
	at io.netty.channel.CombinedChannelDuplexHandler.channelRead(CombinedChannelDuplexHandler.java:251)
	at io.netty.channel.AbstractChannelHandlerContext.invokeChannelRead(AbstractChannelHandlerContext.java:442)
	at io.netty.channel.AbstractChannelHandlerContext.invokeChannelRead(AbstractChannelHandlerContext.java:420)
	at io.netty.channel.AbstractChannelHandlerContext.fireChannelRead(AbstractChannelHandlerContext.java:412)
	at io.netty.channel.DefaultChannelPipeline$HeadContext.channelRead(DefaultChannelPipeline.java:1357)
	at io.netty.channel.AbstractChannelHandlerContext.invokeChannelRead(AbstractChannelHandlerContext.java:440)
	at io.netty.channel.AbstractChannelHandlerContext.invokeChannelRead(AbstractChannelHandlerContext.java:420)
	at io.netty.channel.DefaultChannelPipeline.fireChannelRead(DefaultChannelPipeline.java:868)
	at io.netty.channel.nio.AbstractNioByteChannel$NioByteUnsafe.read(AbstractNioByteChannel.java:166)
	at io.netty.channel.nio.NioEventLoop.processSelectedKey(NioEventLoop.java:796)
	at io.netty.channel.nio.NioEventLoop.processSelectedKeysOptimized(NioEventLoop.java:732)
	at io.netty.channel.nio.NioEventLoop.processSelectedKeys(NioEventLoop.java:658)
	at io.netty.channel.nio.NioEventLoop.run(NioEventLoop.java:562)
	at io.netty.util.concurrent.SingleThreadEventExecutor$4.run(SingleThreadEventExecutor.java:998)
	at io.netty.util.internal.ThreadExecutorMap$2.run(ThreadExecutorMap.java:74)
	at io.netty.util.concurrent.FastThreadLocalRunnable.run(FastThreadLocalRunnable.java:30)
	at java.base/java.lang.Thread.run(Thread.java:833)
2025-12-02 15:14:13.678 [reactor-http-nio-4] INFO  c.b.c.controller.CreditController - GET /api/credits - Fetching all credits
2025-12-02 15:14:13.679 [reactor-http-nio-4] DEBUG c.bank.credit.service.CreditService - Finding all credits
2025-12-02 15:14:13.693 [reactor-http-nio-4] DEBUG o.s.d.m.core.ReactiveMongoTemplate - find using query: {} fields: Document{{}} for class: class com.bank.credit.model.entity.Credit in collection: credits
2025-12-02 15:14:13.817 [reactor-http-nio-4] DEBUG c.bank.credit.service.CreditService - Retrieved all credits
2025-12-02 15:18:39.608 [AsyncResolver-bootstrap-executor-%d] INFO  c.n.d.s.r.aws.ConfigClusterResolver - Resolving eureka endpoints via configuration
2025-12-02 15:23:39.613 [AsyncResolver-bootstrap-executor-%d] INFO  c.n.d.s.r.aws.ConfigClusterResolver - Resolving eureka endpoints via configuration
2025-12-02 15:28:39.618 [AsyncResolver-bootstrap-executor-%d] INFO  c.n.d.s.r.aws.ConfigClusterResolver - Resolving eureka endpoints via configuration
2025-12-02 15:33:39.628 [AsyncResolver-bootstrap-executor-%d] INFO  c.n.d.s.r.aws.ConfigClusterResolver - Resolving eureka endpoints via configuration
2025-12-02 15:38:39.634 [AsyncResolver-bootstrap-executor-%d] INFO  c.n.d.s.r.aws.ConfigClusterResolver - Resolving eureka endpoints via configuration
2025-12-02 15:43:39.639 [AsyncResolver-bootstrap-executor-%d] INFO  c.n.d.s.r.aws.ConfigClusterResolver - Resolving eureka endpoints via configuration
2025-12-02 15:48:39.645 [AsyncResolver-bootstrap-executor-%d] INFO  c.n.d.s.r.aws.ConfigClusterResolver - Resolving eureka endpoints via configuration
2025-12-02 15:52:49.716 [SpringApplicationShutdownHook] INFO  o.s.c.n.e.s.EurekaServiceRegistry - Unregistering application CREDIT with eureka with status DOWN
2025-12-02 15:52:49.717 [SpringApplicationShutdownHook] INFO  c.netflix.discovery.DiscoveryClient - Saw local status change event StatusChangeEvent [timestamp=1764708769717, current=DOWN, previous=UP]
2025-12-02 15:52:49.717 [DiscoveryClient-InstanceInfoReplicator-%d] INFO  c.netflix.discovery.DiscoveryClient - DiscoveryClient_CREDIT/host.docker.internal:credit:8083: registering service...
2025-12-02 15:52:49.718 [SpringApplicationShutdownHook] INFO  o.s.b.w.e.netty.GracefulShutdown - Commencing graceful shutdown. Waiting for active requests to complete
2025-12-02 15:52:49.720 [netty-shutdown] INFO  o.s.b.w.e.netty.GracefulShutdown - Graceful shutdown complete
2025-12-02 15:52:49.723 [DiscoveryClient-InstanceInfoReplicator-%d] INFO  c.netflix.discovery.DiscoveryClient - DiscoveryClient_CREDIT/host.docker.internal:credit:8083 - registration status: 204
2025-12-02 15:52:53.890 [SpringApplicationShutdownHook] INFO  c.netflix.discovery.DiscoveryClient - Shutting down DiscoveryClient ...
2025-12-02 15:52:56.900 [SpringApplicationShutdownHook] INFO  c.netflix.discovery.DiscoveryClient - Unregistering ...
2025-12-02 15:52:56.904 [SpringApplicationShutdownHook] INFO  c.netflix.discovery.DiscoveryClient - DiscoveryClient_CREDIT/host.docker.internal:credit:8083 - deregister  status: 200
2025-12-02 15:52:56.904 [SpringApplicationShutdownHook] INFO  c.netflix.discovery.DiscoveryClient - Completed shut down of DiscoveryClient
